cabal: Entering directory '/tmp/cabal-tmp-16061/adjunctions-4.4'
Warning: adjunctions.cabal: Unknown fields: build-tool-depends (line 92)
Fields allowed in this section:
type, main-is, test-module, buildable, build-tools, build-depends,
cpp-options, cc-options, ld-options, pkgconfig-depends, frameworks,
extra-framework-dirs, c-sources, js-sources, default-language,
other-languages, default-extensions, other-extensions, extensions,
extra-libraries, extra-ghci-libraries, extra-lib-dirs, includes,
install-includes, include-dirs, hs-source-dirs, other-modules,
ghc-prof-options, ghcjs-prof-options, ghc-shared-options,
ghcjs-shared-options, ghc-options, ghcjs-options, jhc-options,
hugs-options, nhc98-options
Configuring adjunctions-4.4...
Building adjunctions-4.4...
Preprocessing library adjunctions-4.4...
[ 1 of 11] Compiling Data.Functor.Rep ( src/Data/Functor/Rep.hs, dist/dist-sandbox-e43b1236/build/Data/Functor/Rep.o )

src/Data/Functor/Rep.hs:250:1: warning: [-Winline-rule-shadowing]
    Rule "tabulate/index" may never fire
      because rule "Class op index" for ‘index’ might fire first
    Probable fix: add phase [n] or [~n] to the competing rule
[ 2 of 11] Compiling Data.Functor.Contravariant.Rep ( src/Data/Functor/Contravariant/Rep.hs, dist/dist-sandbox-e43b1236/build/Data/Functor/Contravariant/Rep.o )

src/Data/Functor/Contravariant/Rep.hs:59:1: warning: [-Winline-rule-shadowing]
    Rule "tabulate/index" may never fire
      because rule "Class op index" for ‘index’ might fire first
    Probable fix: add phase [n] or [~n] to the competing rule
[ 3 of 11] Compiling Data.Functor.Contravariant.Adjunction ( src/Data/Functor/Contravariant/Adjunction.hs, dist/dist-sandbox-e43b1236/build/Data/Functor/Contravariant/Adjunction.o )
[ 4 of 11] Compiling Data.Functor.Adjunction ( src/Data/Functor/Adjunction.hs, dist/dist-sandbox-e43b1236/build/Data/Functor/Adjunction.o )

src/Data/Functor/Adjunction.hs:9:14: warning: [-Wtrustworthy-safe]
    ‘Data.Functor.Adjunction’ is marked as Trustworthy but has been inferred as safe!
[ 5 of 11] Compiling Control.Monad.Trans.Conts ( src/Control/Monad/Trans/Conts.hs, dist/dist-sandbox-e43b1236/build/Control/Monad/Trans/Conts.o )
[ 6 of 11] Compiling Control.Monad.Trans.Contravariant.Adjoint ( src/Control/Monad/Trans/Contravariant/Adjoint.hs, dist/dist-sandbox-e43b1236/build/Control/Monad/Trans/Contravariant/Adjoint.o )
[ 7 of 11] Compiling Control.Monad.Trans.Adjoint ( src/Control/Monad/Trans/Adjoint.hs, dist/dist-sandbox-e43b1236/build/Control/Monad/Trans/Adjoint.o )
[ 8 of 11] Compiling Control.Monad.Representable.State ( src/Control/Monad/Representable/State.hs, dist/dist-sandbox-e43b1236/build/Control/Monad/Representable/State.o )
[ 9 of 11] Compiling Control.Monad.Representable.Reader ( src/Control/Monad/Representable/Reader.hs, dist/dist-sandbox-e43b1236/build/Control/Monad/Representable/Reader.o )
[10 of 11] Compiling Control.Comonad.Trans.Adjoint ( src/Control/Comonad/Trans/Adjoint.hs, dist/dist-sandbox-e43b1236/build/Control/Comonad/Trans/Adjoint.o )
[11 of 11] Compiling Control.Comonad.Representable.Store ( src/Control/Comonad/Representable/Store.hs, dist/dist-sandbox-e43b1236/build/Control/Comonad/Representable/Store.o )
Creating package registration file:
/tmp/pkgConf-adjunctions-42142757034116087764.4
Installing library in
/home/fluxit/workspace/haskell/pong/.cabal-sandbox/lib/x86_64-linux-ghc-8.0.2/adjunctions-4.4-AabhA2R5Wrk1aMODPEVtVJ
Registering adjunctions-4.4...
cabal: Leaving directory '/tmp/cabal-tmp-16061/adjunctions-4.4'
