cabal: Entering directory '/tmp/cabal-tmp-16062/base-orphans-0.8'
Warning: base-orphans.cabal: Unknown fields: build-tool-depends (line 61)
Fields allowed in this section:
type, main-is, test-module, buildable, build-tools, build-depends,
cpp-options, cc-options, ld-options, pkgconfig-depends, frameworks,
extra-framework-dirs, c-sources, js-sources, default-language,
other-languages, default-extensions, other-extensions, extensions,
extra-libraries, extra-ghci-libraries, extra-lib-dirs, includes,
install-includes, include-dirs, hs-source-dirs, other-modules,
ghc-prof-options, ghcjs-prof-options, ghc-shared-options,
ghcjs-shared-options, ghc-options, ghcjs-options, jhc-options,
hugs-options, nhc98-options
Configuring base-orphans-0.8...
Building base-orphans-0.8...
Preprocessing library base-orphans-0.8...
[1 of 2] Compiling Data.Orphans.Prelude ( src/Data/Orphans/Prelude.hs, dist/dist-sandbox-e43b1236/build/Data/Orphans/Prelude.o )
[2 of 2] Compiling Data.Orphans     ( src/Data/Orphans.hs, dist/dist-sandbox-e43b1236/build/Data/Orphans.o )
Creating package registration file:
/tmp/pkgConf-base-orphans-05117023052084420925.8
Installing library in
/home/fluxit/workspace/haskell/pong/.cabal-sandbox/lib/x86_64-linux-ghc-8.0.2/base-orphans-0.8-6JvLuSVTxjPFL40hWMjZFy
Registering base-orphans-0.8...
cabal: Leaving directory '/tmp/cabal-tmp-16062/base-orphans-0.8'
