cabal: Entering directory '/tmp/cabal-tmp-29688/extra-1.6.9'
Configuring extra-1.6.9...
Building extra-1.6.9...
Preprocessing library extra-1.6.9...
[ 1 of 19] Compiling Text.Read.Extra  ( src/Text/Read/Extra.hs, dist/dist-sandbox-e43b1236/build/Text/Read/Extra.o )
[ 2 of 19] Compiling System.Info.Extra ( src/System/Info/Extra.hs, dist/dist-sandbox-e43b1236/build/System/Info/Extra.o )
[ 3 of 19] Compiling System.Environment.Extra ( src/System/Environment/Extra.hs, dist/dist-sandbox-e43b1236/build/System/Environment/Extra.o )
[ 4 of 19] Compiling Partial          ( src/Partial.hs, dist/dist-sandbox-e43b1236/build/Partial.o )
[ 5 of 19] Compiling Numeric.Extra    ( src/Numeric/Extra.hs, dist/dist-sandbox-e43b1236/build/Numeric/Extra.o )
[ 6 of 19] Compiling Data.Typeable.Extra ( src/Data/Typeable/Extra.hs, dist/dist-sandbox-e43b1236/build/Data/Typeable/Extra.o )
[ 7 of 19] Compiling Data.Tuple.Extra ( src/Data/Tuple/Extra.hs, dist/dist-sandbox-e43b1236/build/Data/Tuple/Extra.o )
[ 8 of 19] Compiling Data.List.Extra  ( src/Data/List/Extra.hs, dist/dist-sandbox-e43b1236/build/Data/List/Extra.o )
[ 9 of 19] Compiling Data.Version.Extra ( src/Data/Version/Extra.hs, dist/dist-sandbox-e43b1236/build/Data/Version/Extra.o )
[10 of 19] Compiling Data.IORef.Extra ( src/Data/IORef/Extra.hs, dist/dist-sandbox-e43b1236/build/Data/IORef/Extra.o )
[11 of 19] Compiling Data.Either.Extra ( src/Data/Either/Extra.hs, dist/dist-sandbox-e43b1236/build/Data/Either/Extra.o )
[12 of 19] Compiling Control.Exception.Extra ( src/Control/Exception/Extra.hs, dist/dist-sandbox-e43b1236/build/Control/Exception/Extra.o )
[13 of 19] Compiling Control.Monad.Extra ( src/Control/Monad/Extra.hs, dist/dist-sandbox-e43b1236/build/Control/Monad/Extra.o )
[14 of 19] Compiling System.Directory.Extra ( src/System/Directory/Extra.hs, dist/dist-sandbox-e43b1236/build/System/Directory/Extra.o )
[15 of 19] Compiling System.Time.Extra ( src/System/Time/Extra.hs, dist/dist-sandbox-e43b1236/build/System/Time/Extra.o )
[16 of 19] Compiling Control.Concurrent.Extra ( src/Control/Concurrent/Extra.hs, dist/dist-sandbox-e43b1236/build/Control/Concurrent/Extra.o )
[17 of 19] Compiling System.IO.Extra  ( src/System/IO/Extra.hs, dist/dist-sandbox-e43b1236/build/System/IO/Extra.o )
[18 of 19] Compiling System.Process.Extra ( src/System/Process/Extra.hs, dist/dist-sandbox-e43b1236/build/System/Process/Extra.o )
[19 of 19] Compiling Extra            ( src/Extra.hs, dist/dist-sandbox-e43b1236/build/Extra.o )
Creating package registration file: /tmp/pkgConf-extra-1.635005211521595368.9
Installing library in
/home/fluxit/workspace/haskell/pong/.cabal-sandbox/lib/x86_64-linux-ghc-8.0.2/extra-1.6.9-AjAcePgFoJt2Nln8TyHciW
Registering extra-1.6.9...
cabal: Leaving directory '/tmp/cabal-tmp-29688/extra-1.6.9'
