cabal: Entering directory '/tmp/cabal-tmp-16061/kan-extensions-5.2'
Configuring kan-extensions-5.2...
Building kan-extensions-5.2...
Preprocessing library kan-extensions-5.2...
[ 1 of 13] Compiling Data.Functor.Kan.Ran ( src/Data/Functor/Kan/Ran.hs, dist/dist-sandbox-e43b1236/build/Data/Functor/Kan/Ran.o )
[ 2 of 13] Compiling Data.Functor.Yoneda ( src/Data/Functor/Yoneda.hs, dist/dist-sandbox-e43b1236/build/Data/Functor/Yoneda.o )
[ 3 of 13] Compiling Data.Functor.Kan.Lan ( src/Data/Functor/Kan/Lan.hs, dist/dist-sandbox-e43b1236/build/Data/Functor/Kan/Lan.o )
[ 4 of 13] Compiling Data.Functor.Day ( src/Data/Functor/Day.hs, dist/dist-sandbox-e43b1236/build/Data/Functor/Day.o )
[ 5 of 13] Compiling Data.Functor.Day.Curried ( src/Data/Functor/Day/Curried.hs, dist/dist-sandbox-e43b1236/build/Data/Functor/Day/Curried.o )
[ 6 of 13] Compiling Data.Functor.Coyoneda ( src/Data/Functor/Coyoneda.hs, dist/dist-sandbox-e43b1236/build/Data/Functor/Coyoneda.o )
[ 7 of 13] Compiling Data.Functor.Contravariant.Yoneda ( src/Data/Functor/Contravariant/Yoneda.hs, dist/dist-sandbox-e43b1236/build/Data/Functor/Contravariant/Yoneda.o )
[ 8 of 13] Compiling Data.Functor.Contravariant.Day ( src/Data/Functor/Contravariant/Day.hs, dist/dist-sandbox-e43b1236/build/Data/Functor/Contravariant/Day.o )
[ 9 of 13] Compiling Data.Functor.Invariant.Day ( src/Data/Functor/Invariant/Day.hs, dist/dist-sandbox-e43b1236/build/Data/Functor/Invariant/Day.o )
[10 of 13] Compiling Data.Functor.Contravariant.Coyoneda ( src/Data/Functor/Contravariant/Coyoneda.hs, dist/dist-sandbox-e43b1236/build/Data/Functor/Contravariant/Coyoneda.o )
[11 of 13] Compiling Control.Monad.Codensity ( src/Control/Monad/Codensity.hs, dist/dist-sandbox-e43b1236/build/Control/Monad/Codensity.o )
[12 of 13] Compiling Control.Comonad.Density ( src/Control/Comonad/Density.hs, dist/dist-sandbox-e43b1236/build/Control/Comonad/Density.o )
[13 of 13] Compiling Control.Monad.Co ( src/Control/Monad/Co.hs, dist/dist-sandbox-e43b1236/build/Control/Monad/Co.o )
Creating package registration file:
/tmp/pkgConf-kan-extensions-5350322227841148365.2
Installing library in
/home/fluxit/workspace/haskell/pong/.cabal-sandbox/lib/x86_64-linux-ghc-8.0.2/kan-extensions-5.2-4LhKh85P4at1uqSUBm9oSY
Registering kan-extensions-5.2...
cabal: Leaving directory '/tmp/cabal-tmp-16061/kan-extensions-5.2'
