cabal: Entering directory '/tmp/cabal-tmp-16062/profunctors-5.3'
Configuring profunctors-5.3...
Building profunctors-5.3...
Preprocessing library profunctors-5.3...
[ 1 of 16] Compiling Data.Profunctor.Unsafe ( src/Data/Profunctor/Unsafe.hs, dist/dist-sandbox-e43b1236/build/Data/Profunctor/Unsafe.o )
[ 2 of 16] Compiling Data.Profunctor.Types ( src/Data/Profunctor/Types.hs, dist/dist-sandbox-e43b1236/build/Data/Profunctor/Types.o )
[ 3 of 16] Compiling Data.Profunctor.Monad ( src/Data/Profunctor/Monad.hs, dist/dist-sandbox-e43b1236/build/Data/Profunctor/Monad.o )
[ 4 of 16] Compiling Data.Profunctor.Adjunction ( src/Data/Profunctor/Adjunction.hs, dist/dist-sandbox-e43b1236/build/Data/Profunctor/Adjunction.o )
[ 5 of 16] Compiling Data.Profunctor.Strong ( src/Data/Profunctor/Strong.hs, dist/dist-sandbox-e43b1236/build/Data/Profunctor/Strong.o )
[ 6 of 16] Compiling Data.Profunctor.Choice ( src/Data/Profunctor/Choice.hs, dist/dist-sandbox-e43b1236/build/Data/Profunctor/Choice.o )
[ 7 of 16] Compiling Data.Profunctor.Closed ( src/Data/Profunctor/Closed.hs, dist/dist-sandbox-e43b1236/build/Data/Profunctor/Closed.o )
[ 8 of 16] Compiling Data.Profunctor.Traversing ( src/Data/Profunctor/Traversing.hs, dist/dist-sandbox-e43b1236/build/Data/Profunctor/Traversing.o )
[ 9 of 16] Compiling Data.Profunctor.Mapping ( src/Data/Profunctor/Mapping.hs, dist/dist-sandbox-e43b1236/build/Data/Profunctor/Mapping.o )
[10 of 16] Compiling Data.Profunctor  ( src/Data/Profunctor.hs, dist/dist-sandbox-e43b1236/build/Data/Profunctor.o )
[11 of 16] Compiling Data.Profunctor.Cayley ( src/Data/Profunctor/Cayley.hs, dist/dist-sandbox-e43b1236/build/Data/Profunctor/Cayley.o )
[12 of 16] Compiling Data.Profunctor.Sieve ( src/Data/Profunctor/Sieve.hs, dist/dist-sandbox-e43b1236/build/Data/Profunctor/Sieve.o )
[13 of 16] Compiling Data.Profunctor.Rep ( src/Data/Profunctor/Rep.hs, dist/dist-sandbox-e43b1236/build/Data/Profunctor/Rep.o )
[14 of 16] Compiling Data.Profunctor.Composition ( src/Data/Profunctor/Composition.hs, dist/dist-sandbox-e43b1236/build/Data/Profunctor/Composition.o )
[15 of 16] Compiling Data.Profunctor.Ran ( src/Data/Profunctor/Ran.hs, dist/dist-sandbox-e43b1236/build/Data/Profunctor/Ran.o )
[16 of 16] Compiling Data.Profunctor.Yoneda ( src/Data/Profunctor/Yoneda.hs, dist/dist-sandbox-e43b1236/build/Data/Profunctor/Yoneda.o )
Creating package registration file:
/tmp/pkgConf-profunctors-51128057321120048829.3
Installing library in
/home/fluxit/workspace/haskell/pong/.cabal-sandbox/lib/x86_64-linux-ghc-8.0.2/profunctors-5.3-GSRFeMb54Zo22BjhDmDTAr
Registering profunctors-5.3...
cabal: Leaving directory '/tmp/cabal-tmp-16062/profunctors-5.3'
